<?xml version="1.0" encoding="UTF-8"?>
<robot generator="Robot 6.0.2 (Python 3.9.15 on darwin)" generated="20230125 10:35:13.977" rpa="false" schemaversion="3">
<suite id="s1" name="Trendyol Test" source="/Users/scorp/PycharmProjects/Robot_Test/test/trendyol_test.robot">
<test id="s1-t1" name="Test Trendyol" line="13">
<kw name="Open Browser" library="trendyol_page">
<kw name="Create Webdriver" library="SeleniumLibrary">
<arg>Chrome</arg>
<arg>executable_path=resources/chromedriver</arg>
<doc>Creates an instance of Selenium WebDriver.</doc>
<msg timestamp="20230125 10:35:14.262" level="INFO">Creating an instance of the Chrome WebDriver.</msg>
<status status="PASS" starttime="20230125 10:35:14.262" endtime="20230125 10:35:17.573"/>
</kw>
<kw name="Go To" library="SeleniumLibrary">
<arg>${URL}</arg>
<doc>Navigates the current browser window to the provided ``url``.</doc>
<msg timestamp="20230125 10:35:17.574" level="INFO">Opening url 'https://www.trendyol.com'</msg>
<status status="PASS" starttime="20230125 10:35:17.573" endtime="20230125 10:35:20.132"/>
</kw>
<kw name="Maximize Browser Window" library="SeleniumLibrary">
<doc>Maximizes current browser window.</doc>
<status status="PASS" starttime="20230125 10:35:20.133" endtime="20230125 10:35:20.670"/>
</kw>
<kw name="Element Should Be Visible" library="SeleniumLibrary">
<arg>${ACCEPT_COOKIES}</arg>
<doc>Verifies that the element identified by ``locator`` is visible.</doc>
<msg timestamp="20230125 10:35:20.705" level="INFO">Element 'css:div #onetrust-accept-btn-handler' is displayed.</msg>
<status status="PASS" starttime="20230125 10:35:20.671" endtime="20230125 10:35:20.705"/>
</kw>
<kw name="Click Element" library="SeleniumLibrary">
<arg>${ACCEPT_COOKIES}</arg>
<doc>Click the element identified by ``locator``.</doc>
<msg timestamp="20230125 10:35:20.706" level="INFO">Clicking element 'css:div #onetrust-accept-btn-handler'.</msg>
<status status="PASS" starttime="20230125 10:35:20.706" endtime="20230125 10:35:20.801"/>
</kw>
<status status="PASS" starttime="20230125 10:35:14.261" endtime="20230125 10:35:20.801"/>
</kw>
<kw name="Search Product" library="trendyol_page">
<arg>bilgisayar</arg>
<kw name="Input Text" library="SeleniumLibrary">
<arg>${SEARCH_AREA}</arg>
<arg>${product}</arg>
<doc>Types the given ``text`` into the text field identified by ``locator``.</doc>
<msg timestamp="20230125 10:35:20.804" level="INFO">Typing text 'bilgisayar' into text field 'css:#autoCompleteAppWrapper input'.</msg>
<status status="PASS" starttime="20230125 10:35:20.803" endtime="20230125 10:35:21.008"/>
</kw>
<kw name="Click Element" library="SeleniumLibrary">
<arg>${SEARCH_BUTTON}</arg>
<doc>Click the element identified by ``locator``.</doc>
<msg timestamp="20230125 10:35:21.009" level="INFO">Clicking element 'css:#autoCompleteAppWrapper i'.</msg>
<status status="PASS" starttime="20230125 10:35:21.008" endtime="20230125 10:35:22.770"/>
</kw>
<status status="PASS" starttime="20230125 10:35:20.802" endtime="20230125 10:35:22.771"/>
</kw>
<kw name="Add Fourth Product To Favorites" library="trendyol_page">
<kw name="Click Element" library="SeleniumLibrary">
<arg>${ADD_TO_FAVORITES}</arg>
<doc>Click the element identified by ``locator``.</doc>
<msg timestamp="20230125 10:35:22.772" level="INFO">Clicking element 'xpath=(//i[@class='fvrt-btn'])[1]'.</msg>
<status status="PASS" starttime="20230125 10:35:22.772" endtime="20230125 10:35:22.925"/>
</kw>
<status status="PASS" starttime="20230125 10:35:22.771" endtime="20230125 10:35:22.925"/>
</kw>
<kw name="Login Page" library="trendyol_page">
<arg>trendyolotomasyontest@test.com</arg>
<arg>trendyoltest123</arg>
<kw name="Sleep" library="BuiltIn">
<arg>1s</arg>
<doc>Pauses the test executed for the given time.</doc>
<msg timestamp="20230125 10:35:23.926" level="INFO">Slept 1 second</msg>
<status status="PASS" starttime="20230125 10:35:22.926" endtime="20230125 10:35:23.927"/>
</kw>
<kw name="Element Should Be Visible" library="SeleniumLibrary">
<arg>${LOGIN_EMAIL}</arg>
<doc>Verifies that the element identified by ``locator`` is visible.</doc>
<msg timestamp="20230125 10:35:23.950" level="INFO">Element 'css:#login-email' is displayed.</msg>
<status status="PASS" starttime="20230125 10:35:23.927" endtime="20230125 10:35:23.950"/>
</kw>
<kw name="Input Text" library="SeleniumLibrary">
<arg>${LOGIN_EMAIL}</arg>
<arg>${EMAIL}</arg>
<doc>Types the given ``text`` into the text field identified by ``locator``.</doc>
<msg timestamp="20230125 10:35:23.951" level="INFO">Typing text 'trendyolotomasyontest@test.com' into text field 'css:#login-email'.</msg>
<status status="PASS" starttime="20230125 10:35:23.950" endtime="20230125 10:35:24.124"/>
</kw>
<kw name="Input Text" library="SeleniumLibrary">
<arg>${LOGIN_PASSWORD}</arg>
<arg>${PASSWORD}</arg>
<doc>Types the given ``text`` into the text field identified by ``locator``.</doc>
<msg timestamp="20230125 10:35:24.125" level="INFO">Typing text 'trendyoltest123' into text field 'css:#login-password-input'.</msg>
<status status="PASS" starttime="20230125 10:35:24.124" endtime="20230125 10:35:24.310"/>
</kw>
<kw name="Click Element" library="SeleniumLibrary">
<arg>${LOGIN_BUTTON}</arg>
<doc>Click the element identified by ``locator``.</doc>
<msg timestamp="20230125 10:35:24.311" level="INFO">Clicking element 'css:div .q-primary'.</msg>
<status status="PASS" starttime="20230125 10:35:24.311" endtime="20230125 10:35:24.371"/>
</kw>
<status status="PASS" starttime="20230125 10:35:22.925" endtime="20230125 10:35:24.371"/>
</kw>
<kw name="Go To Favorites" library="trendyol_page">
<kw name="Sleep" library="BuiltIn">
<arg>1s</arg>
<doc>Pauses the test executed for the given time.</doc>
<msg timestamp="20230125 10:35:25.374" level="INFO">Slept 1 second</msg>
<status status="PASS" starttime="20230125 10:35:24.372" endtime="20230125 10:35:25.374"/>
</kw>
<kw name="Click Element" library="SeleniumLibrary">
<arg>${GO_TO_FAVORITES}</arg>
<doc>Click the element identified by ``locator``.</doc>
<msg timestamp="20230125 10:35:25.375" level="INFO">Clicking element 'css:.account-favorites'.</msg>
<status status="PASS" starttime="20230125 10:35:25.374" endtime="20230125 10:35:27.252"/>
</kw>
<status status="PASS" starttime="20230125 10:35:24.371" endtime="20230125 10:35:27.253"/>
</kw>
<kw name="Add Product From Favorites To Cart" library="trendyol_page">
<kw name="Wait Until Element Is Visible" library="SeleniumLibrary">
<arg>${ADD_TO_BASKET}</arg>
<arg>2s</arg>
<doc>Waits until the element ``locator`` is visible.</doc>
<status status="PASS" starttime="20230125 10:35:27.255" endtime="20230125 10:35:27.287"/>
</kw>
<kw name="Click Element" library="SeleniumLibrary">
<arg>${ADD_TO_BASKET}</arg>
<doc>Click the element identified by ``locator``.</doc>
<msg timestamp="20230125 10:35:27.288" level="INFO">Clicking element 'css:.p-card-wrppr:nth-of-type(1)'.</msg>
<status status="PASS" starttime="20230125 10:35:27.287" endtime="20230125 10:35:30.206"/>
</kw>
<status status="PASS" starttime="20230125 10:35:27.253" endtime="20230125 10:35:30.206"/>
</kw>
<kw name="Set Product Quantity" library="trendyol_page">
<arg>3</arg>
<kw name="Click Element" library="SeleniumLibrary">
<arg>${GO_TO_BASKET}</arg>
<doc>Click the element identified by ``locator``.</doc>
<msg timestamp="20230125 10:35:30.208" level="INFO">Clicking element 'css:.account-basket'.</msg>
<status status="PASS" starttime="20230125 10:35:30.207" endtime="20230125 10:35:30.417"/>
</kw>
<kw name="Wait Until Element Is Visible" library="SeleniumLibrary">
<arg>${BASKET_PAGE}</arg>
<arg>3s</arg>
<doc>Waits until the element ``locator`` is visible.</doc>
<status status="PASS" starttime="20230125 10:35:30.417" endtime="20230125 10:35:31.796"/>
</kw>
<kw name="Sleep" library="BuiltIn">
<arg>1s</arg>
<doc>Pauses the test executed for the given time.</doc>
<msg timestamp="20230125 10:35:32.797" level="INFO">Slept 1 second</msg>
<status status="PASS" starttime="20230125 10:35:31.796" endtime="20230125 10:35:32.797"/>
</kw>
<kw name="Run Keyword And Return Status" library="BuiltIn">
<var>${is_valid}</var>
<arg>Element Should Be Enabled</arg>
<arg>${ONBOARDING_OVERLAY}</arg>
<doc>Runs the given keyword with given arguments and returns the status as a Boolean value.</doc>
<kw name="Element Should Be Enabled" library="SeleniumLibrary">
<arg>${ONBOARDING_OVERLAY}</arg>
<doc>Verifies that element identified by ``locator`` is enabled.</doc>
<status status="PASS" starttime="20230125 10:35:32.805" endtime="20230125 10:35:32.841"/>
</kw>
<msg timestamp="20230125 10:35:32.841" level="INFO">${is_valid} = True</msg>
<status status="PASS" starttime="20230125 10:35:32.798" endtime="20230125 10:35:32.841"/>
</kw>
<if>
<branch type="IF" condition="${is_valid}">
<kw name="Log To Console" library="BuiltIn">
<arg>"Ekranda Pop-Up Açıldı"</arg>
<doc>Logs the given message to the console.</doc>
<status status="PASS" starttime="20230125 10:35:32.842" endtime="20230125 10:35:32.842"/>
</kw>
<kw name="Click Element" library="SeleniumLibrary">
<arg>${BASKET_TOOLTIP}</arg>
<doc>Click the element identified by ``locator``.</doc>
<msg timestamp="20230125 10:35:32.842" level="INFO">Clicking element 'css:.tooltip-content button'.</msg>
<status status="PASS" starttime="20230125 10:35:32.842" endtime="20230125 10:35:32.898"/>
</kw>
<status status="PASS" starttime="20230125 10:35:32.841" endtime="20230125 10:35:32.898"/>
</branch>
<branch type="ELSE">
<kw name="Log To Console" library="BuiltIn">
<arg>"Ekranda Pop-Up Açılmadı"</arg>
<doc>Logs the given message to the console.</doc>
<status status="NOT RUN" starttime="20230125 10:35:32.898" endtime="20230125 10:35:32.898"/>
</kw>
<status status="NOT RUN" starttime="20230125 10:35:32.898" endtime="20230125 10:35:32.898"/>
</branch>
<status status="PASS" starttime="20230125 10:35:32.841" endtime="20230125 10:35:32.898"/>
</if>
<kw name="Run Keyword And Return Status" library="BuiltIn">
<var>${Increase_Button_Find}</var>
<arg>Element Should Be Visible</arg>
<arg>${INCREASE_BUTTON}</arg>
<doc>Runs the given keyword with given arguments and returns the status as a Boolean value.</doc>
<kw name="Element Should Be Visible" library="SeleniumLibrary">
<arg>${INCREASE_BUTTON}</arg>
<doc>Verifies that the element identified by ``locator`` is visible.</doc>
<msg timestamp="20230125 10:35:32.918" level="INFO">Element 'css:div:nth-of-type(1) .pb-merchant-group button.ty-numeric-counter-button:nth-of-type(2)' is displayed.</msg>
<status status="PASS" starttime="20230125 10:35:32.899" endtime="20230125 10:35:32.918"/>
</kw>
<msg timestamp="20230125 10:35:32.918" level="INFO">${Increase_Button_Find} = True</msg>
<status status="PASS" starttime="20230125 10:35:32.899" endtime="20230125 10:35:32.918"/>
</kw>
<if>
<branch type="IF" condition="${Increase_Button_Find}">
<kw name="Click Element" library="SeleniumLibrary">
<arg>${INCREASE_BUTTON}</arg>
<doc>Click the element identified by ``locator``.</doc>
<msg timestamp="20230125 10:35:32.919" level="INFO">Clicking element 'css:div:nth-of-type(1) .pb-merchant-group button.ty-numeric-counter-button:nth-of-type(2)'.</msg>
<status status="PASS" starttime="20230125 10:35:32.918" endtime="20230125 10:35:32.966"/>
</kw>
<kw name="Input Text" library="SeleniumLibrary">
<arg>${INPUT_QUANTITY}</arg>
<arg>${quantity}</arg>
<doc>Types the given ``text`` into the text field identified by ``locator``.</doc>
<msg timestamp="20230125 10:35:32.967" level="INFO">Typing text '3' into text field 'css:div:nth-of-type(1) .pb-merchant-group .counter-content'.</msg>
<status status="PASS" starttime="20230125 10:35:32.966" endtime="20230125 10:35:33.140"/>
</kw>
<kw name="Log To Console" library="BuiltIn">
<arg>"Ürün Sayısı arrtırıldı"</arg>
<doc>Logs the given message to the console.</doc>
<status status="PASS" starttime="20230125 10:35:33.140" endtime="20230125 10:35:33.140"/>
</kw>
<status status="PASS" starttime="20230125 10:35:32.918" endtime="20230125 10:35:33.140"/>
</branch>
<branch type="ELSE">
<kw name="Click Element" library="SeleniumLibrary">
<arg>${CLEAR_BUTTON}</arg>
<doc>Click the element identified by ``locator``.</doc>
<status status="NOT RUN" starttime="20230125 10:35:33.140" endtime="20230125 10:35:33.140"/>
</kw>
<kw name="Log To Console" library="BuiltIn">
<arg>"Ürün Sepetten Kaldırıldı"</arg>
<doc>Logs the given message to the console.</doc>
<status status="NOT RUN" starttime="20230125 10:35:33.140" endtime="20230125 10:35:33.140"/>
</kw>
<status status="NOT RUN" starttime="20230125 10:35:33.140" endtime="20230125 10:35:33.140"/>
</branch>
<status status="PASS" starttime="20230125 10:35:32.918" endtime="20230125 10:35:33.140"/>
</if>
<status status="PASS" starttime="20230125 10:35:30.207" endtime="20230125 10:35:33.141"/>
</kw>
<status status="PASS" starttime="20230125 10:35:14.261" endtime="20230125 10:35:33.141"/>
</test>
<status status="PASS" starttime="20230125 10:35:13.978" endtime="20230125 10:35:33.142"/>
</suite>
<statistics>
<total>
<stat pass="1" fail="0" skip="0">All Tests</stat>
</total>
<tag>
</tag>
<suite>
<stat pass="1" fail="0" skip="0" id="s1" name="Trendyol Test">Trendyol Test</stat>
</suite>
</statistics>
<errors>
</errors>
</robot>
